<?xml version="1.0" encoding="UTF-8"?>
<!-- Generated by org.testng.reporters.JUnitReportReporter -->
<testsuite skipped="0" hostname="Naveen-Mac.local" name="com.qa.hubspot.tests.HomePageTest" tests="4" failures="0" timestamp="05 Dec 2019 03:32:03 GMT" time="0.232" errors="0">
  <testcase name="verifyHomePageHeaderValueTest" time="0.093" classname="com.qa.hubspot.tests.HomePageTest"/>
  <testcase name="verifyLoggedInUserTest" time="0.084" classname="com.qa.hubspot.tests.HomePageTest"/>
  <testcase name="verifyHomePageAppLogo" time="0.041" classname="com.qa.hubspot.tests.HomePageTest"/>
  <testcase name="verifyHomePageTitleTest" time="0.014" classname="com.qa.hubspot.tests.HomePageTest"/>
</testsuite> <!-- com.qa.hubspot.tests.HomePageTest -->
